[INFO ] 2021-03-28 13:12:51.088 [main] Log4jDemo - This is information message
[ERROR] 2021-03-28 13:12:51.095 [main] Log4jDemo - This is error message
[FATAL] 2021-03-28 13:12:51.095 [main] Log4jDemo - This is fatal message
[WARN ] 2021-03-28 13:12:51.095 [main] Log4jDemo - This is warning message
[DEBUG] 2021-03-28 13:12:51.095 [main] Log4jDemo - This is debug message
[INFO ] 2021-03-28 13:13:27.761 [main] Log4jDemo - This is information message
[ERROR] 2021-03-28 13:13:27.771 [main] Log4jDemo - This is error message
[FATAL] 2021-03-28 13:13:27.772 [main] Log4jDemo - This is fatal message
[WARN ] 2021-03-28 13:13:27.772 [main] Log4jDemo - This is warning message
[DEBUG] 2021-03-28 13:13:27.772 [main] Log4jDemo - This is debug message
[TRACE] 2021-03-28 13:13:27.783 [main] Log4jDemo - This is Trace message
[INFO ] 2021-03-28 13:14:07.612 [main] Log4jDemo - This is information message
[ERROR] 2021-03-28 13:14:07.618 [main] Log4jDemo - This is error message
[FATAL] 2021-03-28 13:14:07.618 [main] Log4jDemo - This is fatal message
[WARN ] 2021-03-28 13:14:07.619 [main] Log4jDemo - This is warning message
[DEBUG] 2021-03-28 13:14:07.619 [main] Log4jDemo - This is debug message
[INFO ] 2021-03-28 13:15:45.712 [main] Log4jDemo - This is information message
[ERROR] 2021-03-28 13:15:45.719 [main] Log4jDemo - This is error message
[FATAL] 2021-03-28 13:15:45.720 [main] Log4jDemo - This is fatal message
[WARN ] 2021-03-28 13:15:45.720 [main] Log4jDemo - This is warning message
[DEBUG] 2021-03-28 13:15:45.720 [main] Log4jDemo - This is debug message
[TRACE] 2021-03-28 13:15:45.720 [main] Log4jDemo - This is Trace message
